  HW1.c
C:\Users\Sen\source\repos\TranspositionCipher\functions.h(149,12): warning C4267: '=': 'size_t'에서 'int'(으)로 변환하면서 데이터가 손실될 수 있습니다.
  (소스 파일 'HW1.c'을(를) 컴파일하는 중)
  
C:\Users\Sen\source\repos\TranspositionCipher\functions.h(89,16): warning C4267: '초기화 중': 'size_t'에서 'int'(으)로 변환하면서 데이터가 손실될 수 있습니다.
  (소스 파일 'HW1.c'을(를) 컴파일하는 중)
  
C:\Users\Sen\source\repos\TranspositionCipher\functions.h(198,16): warning C4267: '초기화 중': 'size_t'에서 'int'(으)로 변환하면서 데이터가 손실될 수 있습니다.
  (소스 파일 'HW1.c'을(를) 컴파일하는 중)
  
C:\Users\Sen\source\repos\TranspositionCipher\functions.h(283,17): warning C4047: '==': 'int'의 간접 참조 수준이 'void *'과(와) 다릅니다.
  (소스 파일 'HW1.c'을(를) 컴파일하는 중)
  
C:\Users\Sen\source\repos\TranspositionCipher\functions.h(360,25): warning C4033: 'toCiper'은(는) 값을 반환해야 합니다.
  (소스 파일 'HW1.c'을(를) 컴파일하는 중)
  
C:\Users\Sen\source\repos\TranspositionCipher\functions.h(371,13): warning C4267: '=': 'size_t'에서 'int'(으)로 변환하면서 데이터가 손실될 수 있습니다.
  (소스 파일 'HW1.c'을(를) 컴파일하는 중)
  
C:\Users\Sen\source\repos\TranspositionCipher\functions.h(411,6): warning C4033: 'toCiper'은(는) 값을 반환해야 합니다.
  (소스 파일 'HW1.c'을(를) 컴파일하는 중)
  
C:\Users\Sen\source\repos\TranspositionCipher\functions.h(442,13): warning C4267: '=': 'size_t'에서 'int'(으)로 변환하면서 데이터가 손실될 수 있습니다.
  (소스 파일 'HW1.c'을(를) 컴파일하는 중)
  
C:\Users\Sen\source\repos\TranspositionCipher\functions.h(469,4): warning C4033: 'toCiper'은(는) 값을 반환해야 합니다.
  (소스 파일 'HW1.c'을(를) 컴파일하는 중)
  
C:\Users\Sen\source\repos\TranspositionCipher\functions.h(506,25): warning C4033: 'toPlain'은(는) 값을 반환해야 합니다.
  (소스 파일 'HW1.c'을(를) 컴파일하는 중)
  
C:\Users\Sen\source\repos\TranspositionCipher\functions.h(535,1): warning C4715: 'toPlain': 모든 제어 경로에서 값을 반환하지는 않습니다.
C:\Users\Sen\source\repos\TranspositionCipher\functions.h(486,1): warning C4715: 'toCiper': 모든 제어 경로에서 값을 반환하지는 않습니다.
  TranspositionCipher.vcxproj -> C:\Users\Sen\source\repos\TranspositionCipher\x64\Debug\TranspositionCipher.exe
